0 info it worked if it ends with ok
1 verbose cli [ '/usr/bin/node', '/usr/bin/npm', 'run', 'build' ]
2 info using npm@3.10.10
3 info using node@v6.17.1
4 verbose run-script [ 'prebuild', 'build', 'postbuild' ]
5 info lifecycle quiz@1.0.0~prebuild: quiz@1.0.0
6 silly lifecycle quiz@1.0.0~prebuild: no script for prebuild, continuing
7 info lifecycle quiz@1.0.0~build: quiz@1.0.0
8 verbose lifecycle quiz@1.0.0~build: unsafe-perm in lifecycle true
9 verbose lifecycle quiz@1.0.0~build: PATH: /usr/lib/node_modules/npm/bin/node-gyp-bin:/home/aprender/vcode.md/wp-content/themes/vcode/quizVue/node_modules/.bin:/usr/local/cpanel/3rdparty/lib/path-bin:/usr/local/cpanel/3rdparty/lib/path-bin:/usr/local/cpanel/3rdparty/lib/path-bin:/usr/local/bin:/usr/bin:/usr/local/sbin:/usr/sbin:/opt/cpanel/composer/bin:/opt/dell/srvadmin/bin:/home/aprender/.local/bin:/home/aprender/bin
10 verbose lifecycle quiz@1.0.0~build: CWD: /home/aprender/vcode.md/wp-content/themes/vcode/quizVue
11 silly lifecycle quiz@1.0.0~build: Args: [ '-c', 'webpack --mode production' ]
12 silly lifecycle quiz@1.0.0~build: Returned: code: 1  signal: null
13 info lifecycle quiz@1.0.0~build: Failed to exec build script
14 verbose stack Error: quiz@1.0.0 build: `webpack --mode production`
14 verbose stack Exit status 1
14 verbose stack     at EventEmitter.<anonymous> (/usr/lib/node_modules/npm/lib/utils/lifecycle.js:255:16)
14 verbose stack     at emitTwo (events.js:106:13)
14 verbose stack     at EventEmitter.emit (events.js:191:7)
14 verbose stack     at ChildProcess.<anonymous> (/usr/lib/node_modules/npm/lib/utils/spawn.js:40:14)
14 verbose stack     at emitTwo (events.js:106:13)
14 verbose stack     at ChildProcess.emit (events.js:191:7)
14 verbose stack     at maybeClose (internal/child_process.js:920:16)
14 verbose stack     at Process.ChildProcess._handle.onexit (internal/child_process.js:230:5)
15 verbose pkgid quiz@1.0.0
16 verbose cwd /home/aprender/vcode.md/wp-content/themes/vcode/quizVue
17 error Linux 3.10.0-962.3.2.lve1.5.24.10.el7.x86_64
18 error argv "/usr/bin/node" "/usr/bin/npm" "run" "build"
19 error node v6.17.1
20 error npm  v3.10.10
21 error code ELIFECYCLE
22 error quiz@1.0.0 build: `webpack --mode production`
22 error Exit status 1
23 error Failed at the quiz@1.0.0 build script 'webpack --mode production'.
23 error Make sure you have the latest version of node.js and npm installed.
23 error If you do, this is most likely a problem with the quiz package,
23 error not with npm itself.
23 error Tell the author that this fails on your system:
23 error     webpack --mode production
23 error You can get information on how to open an issue for this project with:
23 error     npm bugs quiz
23 error Or if that isn't available, you can get their info via:
23 error     npm owner ls quiz
23 error There is likely additional logging output above.
24 verbose exit [ 1, true ]
